
*** Running vivado
    with args -log test_env.vds -m64 -product Vivado -mode batch -messageDb vivado.pb -notrace -source test_env.tcl


ECHO is off.
ECHO is off.

****** Vivado v2023.2 (64-bit)
  **** SW Build 4029153 on Fri Oct 13 20:14:34 MDT 2023
  **** IP Build 4028589 on Sat Oct 14 00:45:43 MDT 2023
  **** SharedData Build 4025554 on Tue Oct 10 17:18:54 MDT 2023
    ** Copyright 1986-2022 Xilinx, Inc. All Rights Reserved.
    ** Copyright 2022-2023 Advanced Micro Devices, Inc. All Rights Reserved.

source test_env.tcl -notrace
create_project: Time (s): cpu = 00:00:02 ; elapsed = 00:00:07 . Memory (MB): peak = 485.438 ; gain = 182.406
Command: read_checkpoint -auto_incremental -incremental C:/Users/oungu/Documents/MIPS/project_1/project_1.srcs/utils_1/imports/synth_1/test_env.dcp
INFO: [Vivado 12-5825] Read reference checkpoint from C:/Users/oungu/Documents/MIPS/project_1/project_1.srcs/utils_1/imports/synth_1/test_env.dcp for incremental synthesis
INFO: [Vivado 12-7989] Please ensure there are no constraint changes
Command: synth_design -top test_env -part xc7a50ticsg324-1L
Starting synth_design
Attempting to get a license for feature 'Synthesis' and/or device 'xc7a50ti'
INFO: [Common 17-349] Got license for feature 'Synthesis' and/or device 'xc7a50ti'
INFO: [Device 21-403] Loading part xc7a50ticsg324-1L
INFO: [Designutils 20-5440] No compile time benefit to using incremental synthesis; A full resynthesis will be run
INFO: [Designutils 20-4379] Flow is switching to default flow due to incremental criteria not met. If you would like to alter this behaviour and have the flow terminate instead, please set the following parameter config_implementation {autoIncr.Synth.RejectBehavior Terminate}
INFO: [Synth 8-7079] Multithreading enabled for synth_design using a maximum of 2 processes.
INFO: [Synth 8-7078] Launching helper process for spawning children vivado processes
INFO: [Synth 8-7075] Helper process launched with PID 14244
---------------------------------------------------------------------------------
Starting RTL Elaboration : Time (s): cpu = 00:00:01 ; elapsed = 00:00:06 . Memory (MB): peak = 1323.578 ; gain = 440.926
---------------------------------------------------------------------------------
INFO: [Synth 8-638] synthesizing module 'test_env' [C:/Users/oungu/Documents/MIPS/project_1/project_1.srcs/sources_1/new/test_env.vhd:44]
INFO: [Synth 8-3491] module 'MPG' declared at 'C:/Users/oungu/Documents/MIPS/project_1/project_1.srcs/sources_1/new/MPG.vhd:14' bound to instance 'MPGC' of component 'MPG' [C:/Users/oungu/Documents/MIPS/project_1/project_1.srcs/sources_1/new/test_env.vhd:165]
INFO: [Synth 8-638] synthesizing module 'MPG' [C:/Users/oungu/Documents/MIPS/project_1/project_1.srcs/sources_1/new/MPG.vhd:20]
INFO: [Synth 8-256] done synthesizing module 'MPG' (0#1) [C:/Users/oungu/Documents/MIPS/project_1/project_1.srcs/sources_1/new/MPG.vhd:20]
INFO: [Synth 8-3491] module 'IFetch' declared at 'C:/Users/oungu/Documents/MIPS/project_1/project_1.srcs/sources_1/new/IFetch.vhd:35' bound to instance 'Fetch' of component 'IFetch' [C:/Users/oungu/Documents/MIPS/project_1/project_1.srcs/sources_1/new/test_env.vhd:167]
INFO: [Synth 8-638] synthesizing module 'IFetch' [C:/Users/oungu/Documents/MIPS/project_1/project_1.srcs/sources_1/new/IFetch.vhd:49]
INFO: [Synth 8-256] done synthesizing module 'IFetch' (0#1) [C:/Users/oungu/Documents/MIPS/project_1/project_1.srcs/sources_1/new/IFetch.vhd:49]
INFO: [Synth 8-3491] module 'ID' declared at 'C:/Users/oungu/Documents/MIPS/project_1/project_1.srcs/sources_1/new/ID.vhd:35' bound to instance 'IDC' of component 'ID' [C:/Users/oungu/Documents/MIPS/project_1/project_1.srcs/sources_1/new/test_env.vhd:168]
INFO: [Synth 8-638] synthesizing module 'ID' [C:/Users/oungu/Documents/MIPS/project_1/project_1.srcs/sources_1/new/ID.vhd:53]
INFO: [Synth 8-256] done synthesizing module 'ID' (0#1) [C:/Users/oungu/Documents/MIPS/project_1/project_1.srcs/sources_1/new/ID.vhd:53]
INFO: [Synth 8-3491] module 'EX' declared at 'C:/Users/oungu/Documents/MIPS/project_1/project_1.srcs/sources_1/new/EX.vhd:35' bound to instance 'EXC' of component 'EX' [C:/Users/oungu/Documents/MIPS/project_1/project_1.srcs/sources_1/new/test_env.vhd:170]
INFO: [Synth 8-638] synthesizing module 'EX' [C:/Users/oungu/Documents/MIPS/project_1/project_1.srcs/sources_1/new/EX.vhd:49]
INFO: [Synth 8-226] default block is never used [C:/Users/oungu/Documents/MIPS/project_1/project_1.srcs/sources_1/new/EX.vhd:88]
INFO: [Synth 8-256] done synthesizing module 'EX' (0#1) [C:/Users/oungu/Documents/MIPS/project_1/project_1.srcs/sources_1/new/EX.vhd:49]
INFO: [Synth 8-3491] module 'MEM' declared at 'C:/Users/oungu/Documents/MIPS/project_1/project_1.srcs/sources_1/new/MEM.vhd:35' bound to instance 'MEMC' of component 'MEM' [C:/Users/oungu/Documents/MIPS/project_1/project_1.srcs/sources_1/new/test_env.vhd:171]
INFO: [Synth 8-638] synthesizing module 'MEM' [C:/Users/oungu/Documents/MIPS/project_1/project_1.srcs/sources_1/new/MEM.vhd:45]
INFO: [Synth 8-256] done synthesizing module 'MEM' (0#1) [C:/Users/oungu/Documents/MIPS/project_1/project_1.srcs/sources_1/new/MEM.vhd:45]
INFO: [Synth 8-3491] module 'UC' declared at 'C:/Users/oungu/Documents/MIPS/project_1/project_1.srcs/sources_1/new/UC.vhd:34' bound to instance 'UCC' of component 'UC' [C:/Users/oungu/Documents/MIPS/project_1/project_1.srcs/sources_1/new/test_env.vhd:179]
INFO: [Synth 8-638] synthesizing module 'UC' [C:/Users/oungu/Documents/MIPS/project_1/project_1.srcs/sources_1/new/UC.vhd:51]
INFO: [Synth 8-256] done synthesizing module 'UC' (0#1) [C:/Users/oungu/Documents/MIPS/project_1/project_1.srcs/sources_1/new/UC.vhd:51]
INFO: [Synth 8-3491] module 'SSD' declared at 'C:/Users/oungu/Documents/MIPS/project_1/project_1.srcs/sources_1/new/SSD.vhd:14' bound to instance 'SSDC' of component 'SSD' [C:/Users/oungu/Documents/MIPS/project_1/project_1.srcs/sources_1/new/test_env.vhd:203]
INFO: [Synth 8-638] synthesizing module 'SSD' [C:/Users/oungu/Documents/MIPS/project_1/project_1.srcs/sources_1/new/SSD.vhd:21]
INFO: [Synth 8-226] default block is never used [C:/Users/oungu/Documents/MIPS/project_1/project_1.srcs/sources_1/new/SSD.vhd:40]
INFO: [Synth 8-226] default block is never used [C:/Users/oungu/Documents/MIPS/project_1/project_1.srcs/sources_1/new/SSD.vhd:55]
INFO: [Synth 8-226] default block is never used [C:/Users/oungu/Documents/MIPS/project_1/project_1.srcs/sources_1/new/SSD.vhd:68]
INFO: [Synth 8-256] done synthesizing module 'SSD' (0#1) [C:/Users/oungu/Documents/MIPS/project_1/project_1.srcs/sources_1/new/SSD.vhd:21]
INFO: [Synth 8-256] done synthesizing module 'test_env' (0#1) [C:/Users/oungu/Documents/MIPS/project_1/project_1.srcs/sources_1/new/test_env.vhd:44]
WARNING: [Synth 8-3848] Net JRAddress in module/entity test_env does not have driver. [C:/Users/oungu/Documents/MIPS/project_1/project_1.srcs/sources_1/new/test_env.vhd:65]
WARNING: [Synth 8-7129] Port JumpR in module IFetch is either unconnected or has no load
WARNING: [Synth 8-7129] Port JR_Address[31] in module IFetch is either unconnected or has no load
WARNING: [Synth 8-7129] Port JR_Address[30] in module IFetch is either unconnected or has no load
WARNING: [Synth 8-7129] Port JR_Address[29] in module IFetch is either unconnected or has no load
WARNING: [Synth 8-7129] Port JR_Address[28] in module IFetch is either unconnected or has no load
WARNING: [Synth 8-7129] Port JR_Address[27] in module IFetch is either unconnected or has no load
WARNING: [Synth 8-7129] Port JR_Address[26] in module IFetch is either unconnected or has no load
WARNING: [Synth 8-7129] Port JR_Address[25] in module IFetch is either unconnected or has no load
WARNING: [Synth 8-7129] Port JR_Address[24] in module IFetch is either unconnected or has no load
WARNING: [Synth 8-7129] Port JR_Address[23] in module IFetch is either unconnected or has no load
WARNING: [Synth 8-7129] Port JR_Address[22] in module IFetch is either unconnected or has no load
WARNING: [Synth 8-7129] Port JR_Address[21] in module IFetch is either unconnected or has no load
WARNING: [Synth 8-7129] Port JR_Address[20] in module IFetch is either unconnected or has no load
WARNING: [Synth 8-7129] Port JR_Address[19] in module IFetch is either unconnected or has no load
WARNING: [Synth 8-7129] Port JR_Address[18] in module IFetch is either unconnected or has no load
WARNING: [Synth 8-7129] Port JR_Address[17] in module IFetch is either unconnected or has no load
WARNING: [Synth 8-7129] Port JR_Address[16] in module IFetch is either unconnected or has no load
WARNING: [Synth 8-7129] Port JR_Address[15] in module IFetch is either unconnected or has no load
WARNING: [Synth 8-7129] Port JR_Address[14] in module IFetch is either unconnected or has no load
WARNING: [Synth 8-7129] Port JR_Address[13] in module IFetch is either unconnected or has no load
WARNING: [Synth 8-7129] Port JR_Address[12] in module IFetch is either unconnected or has no load
WARNING: [Synth 8-7129] Port JR_Address[11] in module IFetch is either unconnected or has no load
WARNING: [Synth 8-7129] Port JR_Address[10] in module IFetch is either unconnected or has no load
WARNING: [Synth 8-7129] Port JR_Address[9] in module IFetch is either unconnected or has no load
WARNING: [Synth 8-7129] Port JR_Address[8] in module IFetch is either unconnected or has no load
WARNING: [Synth 8-7129] Port JR_Address[7] in module IFetch is either unconnected or has no load
WARNING: [Synth 8-7129] Port JR_Address[6] in module IFetch is either unconnected or has no load
WARNING: [Synth 8-7129] Port JR_Address[5] in module IFetch is either unconnected or has no load
WARNING: [Synth 8-7129] Port JR_Address[4] in module IFetch is either unconnected or has no load
WARNING: [Synth 8-7129] Port JR_Address[3] in module IFetch is either unconnected or has no load
WARNING: [Synth 8-7129] Port JR_Address[2] in module IFetch is either unconnected or has no load
WARNING: [Synth 8-7129] Port JR_Address[1] in module IFetch is either unconnected or has no load
WARNING: [Synth 8-7129] Port JR_Address[0] in module IFetch is either unconnected or has no load
WARNING: [Synth 8-7129] Port led[15] in module test_env is either unconnected or has no load
WARNING: [Synth 8-7129] Port led[14] in module test_env is either unconnected or has no load
WARNING: [Synth 8-7129] Port led[13] in module test_env is either unconnected or has no load
WARNING: [Synth 8-7129] Port led[12] in module test_env is either unconnected or has no load
WARNING: [Synth 8-7129] Port led[11] in module test_env is either unconnected or has no load
WARNING: [Synth 8-7129] Port sw[15] in module test_env is either unconnected or has no load
WARNING: [Synth 8-7129] Port sw[14] in module test_env is either unconnected or has no load
WARNING: [Synth 8-7129] Port sw[13] in module test_env is either unconnected or has no load
WARNING: [Synth 8-7129] Port sw[12] in module test_env is either unconnected or has no load
WARNING: [Synth 8-7129] Port sw[11] in module test_env is either unconnected or has no load
WARNING: [Synth 8-7129] Port sw[10] in module test_env is either unconnected or has no load
WARNING: [Synth 8-7129] Port sw[9] in module test_env is either unconnected or has no load
WARNING: [Synth 8-7129] Port sw[8] in module test_env is either unconnected or has no load
WARNING: [Synth 8-7129] Port sw[4] in module test_env is either unconnected or has no load
WARNING: [Synth 8-7129] Port sw[3] in module test_env is either unconnected or has no load
WARNING: [Synth 8-7129] Port sw[2] in module test_env is either unconnected or has no load
WARNING: [Synth 8-7129] Port sw[1] in module test_env is either unconnected or has no load
WARNING: [Synth 8-7129] Port sw[0] in module test_env is either unconnected or has no load
WARNING: [Synth 8-7129] Port btn[5] in module test_env is either unconnected or has no load
WARNING: [Synth 8-7129] Port btn[4] in module test_env is either unconnected or has no load
WARNING: [Synth 8-7129] Port btn[3] in module test_env is either unconnected or has no load
WARNING: [Synth 8-7129] Port btn[2] in module test_env is either unconnected or has no load
---------------------------------------------------------------------------------
Finished RTL Elaboration : Time (s): cpu = 00:00:02 ; elapsed = 00:00:08 . Memory (MB): peak = 1432.129 ; gain = 549.477
---------------------------------------------------------------------------------
---------------------------------------------------------------------------------
Start Handling Custom Attributes
---------------------------------------------------------------------------------
---------------------------------------------------------------------------------
Finished Handling Custom Attributes : Time (s): cpu = 00:00:02 ; elapsed = 00:00:08 . Memory (MB): peak = 1432.129 ; gain = 549.477
---------------------------------------------------------------------------------
---------------------------------------------------------------------------------
Finished RTL Optimization Phase 1 : Time (s): cpu = 00:00:02 ; elapsed = 00:00:08 . Memory (MB): peak = 1432.129 ; gain = 549.477
---------------------------------------------------------------------------------
Netlist sorting complete. Time (s): cpu = 00:00:00 ; elapsed = 00:00:00.015 . Memory (MB): peak = 1432.129 ; gain = 0.000
INFO: [Project 1-570] Preparing netlist for logic optimization

Processing XDC Constraints
Initializing timing engine
Parsing XDC File [C:/Users/oungu/Documents/MIPS/project_1/project_1.srcs/constrs_1/imports/AC/NexysA7_test_env.xdc]
Finished Parsing XDC File [C:/Users/oungu/Documents/MIPS/project_1/project_1.srcs/constrs_1/imports/AC/NexysA7_test_env.xdc]
INFO: [Project 1-236] Implementation specific constraints were found while reading constraint file [C:/Users/oungu/Documents/MIPS/project_1/project_1.srcs/constrs_1/imports/AC/NexysA7_test_env.xdc]. These constraints will be ignored for synthesis but will be used in implementation. Impacted constraints are listed in the file [.Xil/test_env_propImpl.xdc].
Resolution: To avoid this warning, move constraints listed in [.Xil/test_env_propImpl.xdc] to another XDC file and exclude this new file from synthesis with the used_in_synthesis property (File Properties dialog in GUI) and re-run elaboration/synthesis.
Completed Processing XDC Constraints

Netlist sorting complete. Time (s): cpu = 00:00:00 ; elapsed = 00:00:00 . Memory (MB): peak = 1459.562 ; gain = 0.000
INFO: [Project 1-111] Unisim Transformation Summary:
No Unisim elements were transformed.

The system cannot find the path specified.
Constraint Validation Runtime : Time (s): cpu = 00:00:00 ; elapsed = 00:00:00.003 . Memory (MB): peak = 1459.562 ; gain = 0.000
INFO: [Designutils 20-5440] No compile time benefit to using incremental synthesis; A full resynthesis will be run
INFO: [Designutils 20-4379] Flow is switching to default flow due to incremental criteria not met. If you would like to alter this behaviour and have the flow terminate instead, please set the following parameter config_implementation {autoIncr.Synth.RejectBehavior Terminate}
---------------------------------------------------------------------------------
Finished Constraint Validation : Time (s): cpu = 00:00:05 ; elapsed = 00:00:17 . Memory (MB): peak = 1459.562 ; gain = 576.910
---------------------------------------------------------------------------------
---------------------------------------------------------------------------------
Start Loading Part and Timing Information
---------------------------------------------------------------------------------
Loading part: xc7a50ticsg324-1L
---------------------------------------------------------------------------------
Finished Loading Part and Timing Information : Time (s): cpu = 00:00:05 ; elapsed = 00:00:17 . Memory (MB): peak = 1459.562 ; gain = 576.910
---------------------------------------------------------------------------------
---------------------------------------------------------------------------------
Start Applying 'set_property' XDC Constraints
---------------------------------------------------------------------------------
---------------------------------------------------------------------------------
Finished applying 'set_property' XDC Constraints : Time (s): cpu = 00:00:05 ; elapsed = 00:00:17 . Memory (MB): peak = 1459.562 ; gain = 576.910
---------------------------------------------------------------------------------
---------------------------------------------------------------------------------
Finished RTL Optimization Phase 2 : Time (s): cpu = 00:00:05 ; elapsed = 00:00:17 . Memory (MB): peak = 1459.562 ; gain = 576.910
---------------------------------------------------------------------------------
---------------------------------------------------------------------------------
Start RTL Component Statistics 
---------------------------------------------------------------------------------
Detailed RTL Component Info : 
+---Adders : 
	   2 Input   32 Bit       Adders := 3     
	   3 Input   32 Bit       Adders := 1     
+---XORs : 
	   2 Input     32 Bit         XORs := 1     
+---Registers : 
	               32 Bit    Registers := 1     
	                1 Bit    Registers := 3     
+---RAMs : 
	               2K Bit	(64 X 32 bit)          RAMs := 1     
	             1024 Bit	(32 X 32 bit)          RAMs := 1     
+---Muxes : 
	   2 Input   32 Bit        Muxes := 5     
	  33 Input   32 Bit        Muxes := 1     
	   8 Input    8 Bit        Muxes := 1     
	   2 Input    5 Bit        Muxes := 1     
	  13 Input    3 Bit        Muxes := 1     
	   2 Input    3 Bit        Muxes := 1     
	  10 Input    3 Bit        Muxes := 1     
	   2 Input    1 Bit        Muxes := 10    
	  10 Input    1 Bit        Muxes := 10    
---------------------------------------------------------------------------------
Finished RTL Component Statistics 
---------------------------------------------------------------------------------
---------------------------------------------------------------------------------
Start Part Resource Summary
---------------------------------------------------------------------------------
Part Resources:
DSPs: 120 (col length:60)
BRAMs: 150 (col length: RAMB18 60 RAMB36 30)
---------------------------------------------------------------------------------
Finished Part Resource Summary
---------------------------------------------------------------------------------
---------------------------------------------------------------------------------
Start Cross Boundary and Area Optimization
---------------------------------------------------------------------------------
WARNING: [Synth 8-7080] Parallel synthesis criteria is not met
WARNING: [Synth 8-7129] Port led[15] in module test_env is either unconnected or has no load
WARNING: [Synth 8-7129] Port led[14] in module test_env is either unconnected or has no load
WARNING: [Synth 8-7129] Port led[13] in module test_env is either unconnected or has no load
WARNING: [Synth 8-7129] Port led[12] in module test_env is either unconnected or has no load
WARNING: [Synth 8-7129] Port led[11] in module test_env is either unconnected or has no load
WARNING: [Synth 8-7129] Port sw[15] in module test_env is either unconnected or has no load
WARNING: [Synth 8-7129] Port sw[14] in module test_env is either unconnected or has no load
WARNING: [Synth 8-7129] Port sw[13] in module test_env is either unconnected or has no load
WARNING: [Synth 8-7129] Port sw[12] in module test_env is either unconnected or has no load
WARNING: [Synth 8-7129] Port sw[11] in module test_env is either unconnected or has no load
WARNING: [Synth 8-7129] Port sw[10] in module test_env is either unconnected or has no load
WARNING: [Synth 8-7129] Port sw[9] in module test_env is either unconnected or has no load
WARNING: [Synth 8-7129] Port sw[8] in module test_env is either unconnected or has no load
WARNING: [Synth 8-7129] Port sw[4] in module test_env is either unconnected or has no load
WARNING: [Synth 8-7129] Port sw[3] in module test_env is either unconnected or has no load
WARNING: [Synth 8-7129] Port sw[2] in module test_env is either unconnected or has no load
WARNING: [Synth 8-7129] Port sw[1] in module test_env is either unconnected or has no load
WARNING: [Synth 8-7129] Port sw[0] in module test_env is either unconnected or has no load
WARNING: [Synth 8-7129] Port btn[5] in module test_env is either unconnected or has no load
WARNING: [Synth 8-7129] Port btn[4] in module test_env is either unconnected or has no load
WARNING: [Synth 8-7129] Port btn[3] in module test_env is either unconnected or has no load
WARNING: [Synth 8-7129] Port btn[2] in module test_env is either unconnected or has no load
---------------------------------------------------------------------------------
Finished Cross Boundary and Area Optimization : Time (s): cpu = 00:00:06 ; elapsed = 00:00:24 . Memory (MB): peak = 1459.562 ; gain = 576.910
---------------------------------------------------------------------------------
---------------------------------------------------------------------------------
Start ROM, RAM, DSP, Shift Register and Retiming Reporting
---------------------------------------------------------------------------------

Distributed RAM: Preliminary Mapping Report (see note below)
+------------+------------------+-----------+----------------------+----------------+
|Module Name | RTL Object       | Inference | Size (Depth x Width) | Primitives     | 
+------------+------------------+-----------+----------------------+----------------+
|test_env    | MEMC/MEM_reg     | Implied   | 64 x 32              | RAM64X1S x 32  | 
|test_env    | IDC/reg_file_reg | Implied   | 32 x 32              | RAM32M x 12    | 
+------------+------------------+-----------+----------------------+----------------+

Note: The table above is a preliminary report that shows the Distributed RAMs at the current stage of the synthesis flow. Some Distributed RAMs may be reimplemented as non Distributed RAM primitives later in the synthesis flow. Multiple instantiated RAMs are reported only once.
---------------------------------------------------------------------------------
Finished ROM, RAM, DSP, Shift Register and Retiming Reporting
---------------------------------------------------------------------------------
---------------------------------------------------------------------------------
Start Applying XDC Timing Constraints
---------------------------------------------------------------------------------
---------------------------------------------------------------------------------
Finished Applying XDC Timing Constraints : Time (s): cpu = 00:00:08 ; elapsed = 00:00:31 . Memory (MB): peak = 1459.562 ; gain = 576.910
---------------------------------------------------------------------------------
---------------------------------------------------------------------------------
Start Timing Optimization
---------------------------------------------------------------------------------
---------------------------------------------------------------------------------
Finished Timing Optimization : Time (s): cpu = 00:00:10 ; elapsed = 00:00:36 . Memory (MB): peak = 1498.203 ; gain = 615.551
---------------------------------------------------------------------------------
---------------------------------------------------------------------------------
Start ROM, RAM, DSP, Shift Register and Retiming Reporting
---------------------------------------------------------------------------------

Distributed RAM: Final Mapping Report
+------------+------------------+-----------+----------------------+----------------+
|Module Name | RTL Object       | Inference | Size (Depth x Width) | Primitives     | 
+------------+------------------+-----------+----------------------+----------------+
|test_env    | MEMC/MEM_reg     | Implied   | 64 x 32              | RAM64X1S x 32  | 
|test_env    | IDC/reg_file_reg | Implied   | 32 x 32              | RAM32M x 12    | 
+------------+------------------+-----------+----------------------+----------------+

---------------------------------------------------------------------------------
Finished ROM, RAM, DSP, Shift Register and Retiming Reporting
---------------------------------------------------------------------------------
---------------------------------------------------------------------------------
Start Technology Mapping
---------------------------------------------------------------------------------
---------------------------------------------------------------------------------
Finished Technology Mapping : Time (s): cpu = 00:00:10 ; elapsed = 00:00:36 . Memory (MB): peak = 1498.203 ; gain = 615.551
---------------------------------------------------------------------------------
---------------------------------------------------------------------------------
Start IO Insertion
---------------------------------------------------------------------------------
---------------------------------------------------------------------------------
Start Flattening Before IO Insertion
---------------------------------------------------------------------------------
---------------------------------------------------------------------------------
Finished Flattening Before IO Insertion
---------------------------------------------------------------------------------
---------------------------------------------------------------------------------
Start Final Netlist Cleanup
---------------------------------------------------------------------------------
---------------------------------------------------------------------------------
Finished Final Netlist Cleanup
---------------------------------------------------------------------------------
---------------------------------------------------------------------------------
Finished IO Insertion : Time (s): cpu = 00:00:12 ; elapsed = 00:00:42 . Memory (MB): peak = 1501.043 ; gain = 618.391
---------------------------------------------------------------------------------
---------------------------------------------------------------------------------
Start Renaming Generated Instances
---------------------------------------------------------------------------------
---------------------------------------------------------------------------------
Finished Renaming Generated Instances : Time (s): cpu = 00:00:12 ; elapsed = 00:00:42 . Memory (MB): peak = 1501.043 ; gain = 618.391
---------------------------------------------------------------------------------
---------------------------------------------------------------------------------
Start Rebuilding User Hierarchy
---------------------------------------------------------------------------------
---------------------------------------------------------------------------------
Finished Rebuilding User Hierarchy : Time (s): cpu = 00:00:12 ; elapsed = 00:00:42 . Memory (MB): peak = 1501.043 ; gain = 618.391
---------------------------------------------------------------------------------
---------------------------------------------------------------------------------
Start Renaming Generated Ports
---------------------------------------------------------------------------------
---------------------------------------------------------------------------------
Finished Renaming Generated Ports : Time (s): cpu = 00:00:12 ; elapsed = 00:00:42 . Memory (MB): peak = 1501.043 ; gain = 618.391
---------------------------------------------------------------------------------
---------------------------------------------------------------------------------
Start Handling Custom Attributes
---------------------------------------------------------------------------------
---------------------------------------------------------------------------------
Finished Handling Custom Attributes : Time (s): cpu = 00:00:12 ; elapsed = 00:00:42 . Memory (MB): peak = 1501.043 ; gain = 618.391
---------------------------------------------------------------------------------
---------------------------------------------------------------------------------
Start Renaming Generated Nets
---------------------------------------------------------------------------------
---------------------------------------------------------------------------------
Finished Renaming Generated Nets : Time (s): cpu = 00:00:12 ; elapsed = 00:00:42 . Memory (MB): peak = 1501.043 ; gain = 618.391
---------------------------------------------------------------------------------
---------------------------------------------------------------------------------
Start Writing Synthesis Report
---------------------------------------------------------------------------------

Report BlackBoxes: 
+-+--------------+----------+
| |BlackBox name |Instances |
+-+--------------+----------+
+-+--------------+----------+

Report Cell Usage: 
+------+---------+------+
|      |Cell     |Count |
+------+---------+------+
|1     |BUFG     |     1|
|2     |CARRY4   |    46|
|3     |LUT1     |     3|
|4     |LUT2     |    22|
|5     |LUT3     |    92|
|6     |LUT4     |    33|
|7     |LUT5     |   124|
|8     |LUT6     |   134|
|9     |MUXF7    |    31|
|10    |RAM32M   |    10|
|11    |RAM32X1D |     4|
|12    |RAM64X1S |    32|
|13    |FDCE     |    30|
|14    |FDRE     |    38|
|15    |IBUF     |     6|
|16    |OBUF     |    26|
|17    |OBUFT    |     5|
+------+---------+------+
---------------------------------------------------------------------------------
Finished Writing Synthesis Report : Time (s): cpu = 00:00:12 ; elapsed = 00:00:42 . Memory (MB): peak = 1501.043 ; gain = 618.391
---------------------------------------------------------------------------------
Synthesis finished with 0 errors, 0 critical warnings and 23 warnings.
Synthesis Optimization Runtime : Time (s): cpu = 00:00:09 ; elapsed = 00:00:40 . Memory (MB): peak = 1501.043 ; gain = 590.957
Synthesis Optimization Complete : Time (s): cpu = 00:00:12 ; elapsed = 00:00:42 . Memory (MB): peak = 1501.043 ; gain = 618.391
INFO: [Project 1-571] Translating synthesized netlist
Netlist sorting complete. Time (s): cpu = 00:00:00 ; elapsed = 00:00:00.012 . Memory (MB): peak = 1513.086 ; gain = 0.000
INFO: [Netlist 29-17] Analyzing 123 Unisim elements for replacement
INFO: [Netlist 29-28] Unisim Transformation completed in 0 CPU seconds
INFO: [Project 1-570] Preparing netlist for logic optimization
INFO: [Opt 31-138] Pushed 0 inverter(s) to 0 load pin(s).
Netlist sorting complete. Time (s): cpu = 00:00:00 ; elapsed = 00:00:00 . Memory (MB): peak = 1516.785 ; gain = 0.000
INFO: [Project 1-111] Unisim Transformation Summary:
  A total of 46 instances were transformed.
  RAM32M => RAM32M (RAMD32(x6), RAMS32(x2)): 10 instances
  RAM32X1D => RAM32X1D (RAMD32(x2)): 4 instances
  RAM64X1S => RAM64X1S (RAMS64E): 32 instances

The system cannot find the path specified.
Synth Design complete | Checksum: 1bfc92b7
INFO: [Common 17-83] Releasing license: Synthesis
48 Infos, 79 Warnings, 0 Critical Warnings and 0 Errors encountered.
synth_design completed successfully
synth_design: Time (s): cpu = 00:00:14 ; elapsed = 00:00:48 . Memory (MB): peak = 1516.785 ; gain = 1024.145
Write ShapeDB Complete: Time (s): cpu = 00:00:00 ; elapsed = 00:00:00.003 . Memory (MB): peak = 1516.785 ; gain = 0.000
INFO: [Common 17-1381] The checkpoint 'C:/Users/oungu/Documents/MIPS/project_1/project_1.runs/synth_1/test_env.dcp' has been generated.
INFO: [runtcl-4] Executing : report_utilization -file test_env_utilization_synth.rpt -pb test_env_utilization_synth.pb
INFO: [Common 17-206] Exiting Vivado at Sat Apr 20 20:17:24 2024...
